PLINK v1.90p 64-bit (7 Aug 2018)
Options in effect:
  --bfile step2b_idfill
  --keep-allele-order
  --make-bed
  --out step3_add_sex
  --update-sex 1kg_sex.txt

Working directory: /Users/chrchang/statpopgen/plink
Start time: Sun Aug 26 15:09:47 2018

Random number seed: 1535321387
16384 MB RAM detected; reserving 8192 MB for main workspace.
234639 variants loaded from .bim file.
1092 people (0 males, 0 females, 1092 ambiguous) loaded from .fam.
Ambiguous sex IDs written to step3_add_sex.nosex .
--update-sex: 1092 people updated, 2409 IDs not present.
Using 1 thread (no multithreaded calculations invoked).
Before main variant filters, 1092 founders and 0 nonfounders present.
Calculating allele frequencies... done.
Total genotyping rate is 0.969914.
234639 variants and 1092 people pass filters and QC.
Note: No phenotypes present.
--make-bed to step3_add_sex.bed + step3_add_sex.bim + step3_add_sex.fam ...
done.

End time: Sun Aug 26 15:09:47 2018
