PLINK v1.90p 64-bit (7 Aug 2018)
Options in effect:
  --bfile step5_relprune
  --keep-allele-order
  --maf 0.05
  --make-bed
  --out step7_maf_filter

Working directory: /Users/chrchang/statpopgen/plink
Start time: Sun Aug 26 15:13:43 2018

Random number seed: 1535321623
16384 MB RAM detected; reserving 8192 MB for main workspace.
224011 variants loaded from .bim file.
1060 people (508 males, 552 females) loaded from .fam.
Using 1 thread (no multithreaded calculations invoked).
Before main variant filters, 1060 founders and 0 nonfounders present.
Calculating allele frequencies... done.
Total genotyping rate is 0.983002.
186571 variants removed due to minor allele threshold(s)
(--maf/--max-maf/--mac/--max-mac).
37440 variants and 1060 people pass filters and QC.
Note: No phenotypes present.
--make-bed to step7_maf_filter.bed + step7_maf_filter.bim +
step7_maf_filter.fam ... done.

End time: Sun Aug 26 15:13:43 2018
